2024-08-19 11:52:59,171 [Worker-6: Loading available Gradle versions] INFO  o.e.b.c.i.u.g.PublishedGradleVersions - Gradle version information cache is up-to-date. Trying to read.
2024-08-19 11:54:27,755 [Worker-31: Building] INFO  o.e.m.c.i.l.LifecycleMappingFactory - Using NULL lifecycle mapping for MavenProject: com.nttdata:prueba-riesgos-telefonica:1.0-SNAPSHOT @ I:\Código\Prueba Riesgos Telefónica\pruebaRiesgosTelefonica back\pruebaRiesgosTelefonicaFE\prueba-riesgos-telefonica\pom.xml.
2024-08-19 11:54:29,332 [Worker-32: Updating Maven Dependencies] INFO  o.e.m.c.i.l.LifecycleMappingFactory - Using org.eclipse.m2e.jdt.JarLifecycleMapping lifecycle mapping for MavenProject: com.nttdata:riesgosTelefonicaFrontEnd:1.0-SNAPSHOT @ I:\Código\Prueba Riesgos Telefónica\pruebaRiesgosTelefonica back\riesgosTelefonicaFrontEnd\pom.xml.
2024-08-19 11:54:29,332 [Worker-31: Building] INFO  o.e.m.c.i.l.LifecycleMappingFactory - Using org.eclipse.m2e.jdt.JarLifecycleMapping lifecycle mapping for MavenProject: com.nttdata:prueba-riesgos-telefonica:1.0-SNAPSHOT @ I:\Código\Prueba Riesgos Telefónica\pruebaRiesgosTelefonica back\pruebaRiesgosTelefonicaFEnd\prueba-riesgos-telefonica\pom.xml.
2024-08-19 11:54:29,612 [Worker-31: Building] WARN  o.e.m.c.i.embedder.EclipseLogger - Using platform encoding (Cp1252 actually) to copy filtered resources, i.e. build is platform dependent!
2024-08-19 11:54:29,614 [Worker-31: Building] INFO  o.e.m.c.i.embedder.EclipseLogger - skip non existing resourceDirectory I:\Código\Prueba Riesgos Telefónica\pruebaRiesgosTelefonica back\pruebaRiesgosTelefonicaFEnd\prueba-riesgos-telefonica\src\main\resources
2024-08-19 11:54:29,618 [Worker-31: Building] WARN  o.e.m.c.i.embedder.EclipseLogger - Using platform encoding (Cp1252 actually) to copy filtered resources, i.e. build is platform dependent!
2024-08-19 11:54:29,619 [Worker-31: Building] INFO  o.e.m.c.i.embedder.EclipseLogger - skip non existing resourceDirectory I:\Código\Prueba Riesgos Telefónica\pruebaRiesgosTelefonica back\pruebaRiesgosTelefonicaFEnd\prueba-riesgos-telefonica\src\test\resources
2024-08-19 11:54:30,091 [Worker-22: Building] INFO  o.e.m.c.i.l.LifecycleMappingFactory - Using org.eclipse.m2e.jdt.JarLifecycleMapping lifecycle mapping for MavenProject: com.nttdata:pruebaRiesgosTelefonicaFrontEnd:1.0-SNAPSHOT @ I:\Código\Prueba Riesgos Telefónica\pruebaRiesgosTelefonica back\pruebaRiesgosTelefonicaFrontEnd\pom.xml.
2024-08-19 11:54:30,334 [Worker-22: Building] INFO  o.e.m.c.i.embedder.EclipseLogger - Using 'UTF-8' encoding to copy filtered resources.
2024-08-19 11:54:30,338 [Worker-22: Building] INFO  o.e.m.c.i.embedder.EclipseLogger - Copying 0 resource
2024-08-19 11:54:30,342 [Worker-22: Building] INFO  o.e.m.c.i.embedder.EclipseLogger - Using 'UTF-8' encoding to copy filtered resources.
2024-08-19 11:54:30,342 [Worker-22: Building] INFO  o.e.m.c.i.embedder.EclipseLogger - Copying 0 resource
2024-08-19 11:54:31,252 [Worker-16: Updating Maven Dependencies] INFO  o.e.m.c.i.l.LifecycleMappingFactory - Using org.eclipse.m2e.jdt.JarLifecycleMapping lifecycle mapping for MavenProject: com.nttdata:riesgosTelefonicaFrontEnd:1.0-SNAPSHOT @ I:\Código\Prueba Riesgos Telefónica\pruebaRiesgosTelefonica back\riesgosTelefonicaFrontEnd\pom.xml.
2024-08-19 11:54:31,784 [Worker-12: Building] INFO  o.e.m.c.i.l.LifecycleMappingFactory - Using org.eclipse.m2e.jdt.JarLifecycleMapping lifecycle mapping for MavenProject: com.nttdata:prueba-riesgos-telefonica:1.0-SNAPSHOT @ I:\Código\Prueba Riesgos Telefónica\pruebaRiesgosTelefonica back\pruebaRiesgosTelefonicaFront\prueba-riesgos-telefonica\pom.xml.
2024-08-19 11:54:31,797 [Worker-12: Building] WARN  o.e.m.c.i.embedder.EclipseLogger - The POM for org.jboss.portletbridge:jsf2-depchain:pom:3.3.4.Final-SNAPSHOT is missing, no dependency information available
2024-08-19 11:54:31,834 [Worker-12: Building] WARN  o.e.m.c.i.embedder.EclipseLogger - Using platform encoding (Cp1252 actually) to copy filtered resources, i.e. build is platform dependent!
2024-08-19 11:54:31,835 [Worker-12: Building] INFO  o.e.m.c.i.embedder.EclipseLogger - Copying 0 resource
2024-08-19 11:54:31,839 [Worker-12: Building] WARN  o.e.m.c.i.embedder.EclipseLogger - Using platform encoding (Cp1252 actually) to copy filtered resources, i.e. build is platform dependent!
2024-08-19 11:54:31,840 [Worker-12: Building] INFO  o.e.m.c.i.embedder.EclipseLogger - skip non existing resourceDirectory I:\Código\Prueba Riesgos Telefónica\pruebaRiesgosTelefonica back\pruebaRiesgosTelefonicaFront\prueba-riesgos-telefonica\src\test\resources
2024-08-19 11:54:32,261 [Worker-11: Building] INFO  o.e.m.c.i.embedder.EclipseLogger - Using 'UTF-8' encoding to copy filtered resources.
2024-08-19 11:54:32,261 [Worker-11: Building] INFO  o.e.m.c.i.embedder.EclipseLogger - Copying 0 resource
2024-08-19 11:54:32,265 [Worker-11: Building] INFO  o.e.m.c.i.embedder.EclipseLogger - Using 'UTF-8' encoding to copy filtered resources.
2024-08-19 11:54:32,266 [Worker-11: Building] INFO  o.e.m.c.i.embedder.EclipseLogger - Copying 0 resource
2024-08-19 11:54:32,601 [Worker-11: Building] INFO  o.e.m.c.i.l.LifecycleMappingFactory - Using org.eclipse.m2e.jdt.JarLifecycleMapping lifecycle mapping for MavenProject: com.nttdata:prueba-riesgos-telefonica-services:1.0-SNAPSHOT @ I:\Código\Prueba Riesgos Telefónica\pruebaRiesgosTelefonica back\pruebaRiesgosTelefonicaFE\prueba-riesgos-telefonica\prueba-riesgos-telefonica-services\pom.xml.
2024-08-19 11:54:32,724 [Worker-11: Building] INFO  o.e.m.c.i.embedder.EclipseLogger - Using 'UTF-8' encoding to copy filtered resources.
2024-08-19 11:54:32,724 [Worker-11: Building] INFO  o.e.m.c.i.embedder.EclipseLogger - Copying 3 resources
2024-08-19 11:54:32,729 [Worker-11: Building] INFO  o.e.m.c.i.embedder.EclipseLogger - Using 'UTF-8' encoding to copy filtered resources.
2024-08-19 11:54:32,729 [Worker-11: Building] INFO  o.e.m.c.i.embedder.EclipseLogger - skip non existing resourceDirectory I:\Código\Prueba Riesgos Telefónica\pruebaRiesgosTelefonica back\pruebaRiesgosTelefonicaFE\prueba-riesgos-telefonica\prueba-riesgos-telefonica-services\src\test\resources
2024-08-19 11:54:33,048 [Worker-11: Building] INFO  o.e.m.c.i.l.LifecycleMappingFactory - Using org.eclipse.m2e.jdt.JarLifecycleMapping lifecycle mapping for MavenProject: com.nttdata:prueba-riesgos-telefonica-web:1.0-SNAPSHOT @ I:\Código\Prueba Riesgos Telefónica\pruebaRiesgosTelefonica back\pruebaRiesgosTelefonicaFE\prueba-riesgos-telefonica\prueba-riesgos-telefonica-web\pom.xml.
2024-08-19 11:54:33,115 [Worker-11: Building] INFO  o.e.m.c.i.p.WorkspaceClassifierResolverManager - Resolving P/spring3-jpa2-jsf22-services: com.nttdata:prueba-riesgos-telefonica-services:1.0-SNAPSHOT with classifier  to /spring3-jpa2-jsf22-services/target/classes
2024-08-19 11:54:33,225 [Worker-11: Building] INFO  o.e.m.c.i.embedder.EclipseLogger - Using 'UTF-8' encoding to copy filtered resources.
2024-08-19 11:54:33,226 [Worker-11: Building] INFO  o.e.m.c.i.embedder.EclipseLogger - Copying 2 resources
2024-08-19 11:54:33,228 [Worker-11: Building] INFO  o.e.m.c.i.embedder.EclipseLogger - Using 'UTF-8' encoding to copy filtered resources.
2024-08-19 11:54:33,228 [Worker-11: Building] INFO  o.e.m.c.i.embedder.EclipseLogger - skip non existing resourceDirectory I:\Código\Prueba Riesgos Telefónica\pruebaRiesgosTelefonica back\pruebaRiesgosTelefonicaFE\prueba-riesgos-telefonica\prueba-riesgos-telefonica-web\src\test\resources
2024-08-19 11:55:34,382 [Worker-20: Building] WARN  o.e.m.c.i.embedder.EclipseLogger - Using platform encoding (Cp1252 actually) to copy filtered resources, i.e. build is platform dependent!
2024-08-19 11:55:34,383 [Worker-20: Building] INFO  o.e.m.c.i.embedder.EclipseLogger - skip non existing resourceDirectory I:\Código\Prueba Riesgos Telefónica\pruebaRiesgosTelefonica back\pruebaRiesgosTelefonicaFEnd\prueba-riesgos-telefonica\src\main\resources
2024-08-19 11:55:34,385 [Worker-20: Building] WARN  o.e.m.c.i.embedder.EclipseLogger - Using platform encoding (Cp1252 actually) to copy filtered resources, i.e. build is platform dependent!
2024-08-19 11:55:34,386 [Worker-20: Building] INFO  o.e.m.c.i.embedder.EclipseLogger - skip non existing resourceDirectory I:\Código\Prueba Riesgos Telefónica\pruebaRiesgosTelefonica back\pruebaRiesgosTelefonicaFEnd\prueba-riesgos-telefonica\src\test\resources
2024-08-19 11:56:32,341 [Worker-24: Building] WARN  o.e.m.c.i.embedder.EclipseLogger - Using platform encoding (Cp1252 actually) to copy filtered resources, i.e. build is platform dependent!
2024-08-19 11:56:32,342 [Worker-24: Building] INFO  o.e.m.c.i.embedder.EclipseLogger - skip non existing resourceDirectory I:\Código\Prueba Riesgos Telefónica\pruebaRiesgosTelefonica back\pruebaRiesgosTelefonicaFEnd\prueba-riesgos-telefonica\src\main\resources
2024-08-19 11:56:32,345 [Worker-24: Building] WARN  o.e.m.c.i.embedder.EclipseLogger - Using platform encoding (Cp1252 actually) to copy filtered resources, i.e. build is platform dependent!
2024-08-19 11:56:32,345 [Worker-24: Building] INFO  o.e.m.c.i.embedder.EclipseLogger - skip non existing resourceDirectory I:\Código\Prueba Riesgos Telefónica\pruebaRiesgosTelefonica back\pruebaRiesgosTelefonicaFEnd\prueba-riesgos-telefonica\src\test\resources
2024-08-19 11:56:48,003 [Worker-10: Building] WARN  o.e.m.c.i.embedder.EclipseLogger - Using platform encoding (Cp1252 actually) to copy filtered resources, i.e. build is platform dependent!
2024-08-19 11:56:48,004 [Worker-10: Building] INFO  o.e.m.c.i.embedder.EclipseLogger - skip non existing resourceDirectory I:\Código\Prueba Riesgos Telefónica\pruebaRiesgosTelefonica back\pruebaRiesgosTelefonicaFEnd\prueba-riesgos-telefonica\src\main\resources
2024-08-19 11:56:48,005 [Worker-10: Building] WARN  o.e.m.c.i.embedder.EclipseLogger - Using platform encoding (Cp1252 actually) to copy filtered resources, i.e. build is platform dependent!
2024-08-19 11:56:48,006 [Worker-10: Building] INFO  o.e.m.c.i.embedder.EclipseLogger - skip non existing resourceDirectory I:\Código\Prueba Riesgos Telefónica\pruebaRiesgosTelefonica back\pruebaRiesgosTelefonicaFEnd\prueba-riesgos-telefonica\src\test\resources
